Build output check failed:
    Regex: 'command line option .* is valid for .* but not for C\+\+'
    Output line: 'cc1plus: warning: command line option ‘-Wmissing-prototypes’ is valid for C/ObjC but not for C++'
Compilation failed:
    source file: '/home/pi/opencv/build/CMakeFiles/CMakeTmp/src.cxx'
    check option: ' -fsigned-char -W -Wall -Werror=return-type -Werror=non-virtual-dtor -Werror=address -Werror=sequence-point -Wformat -Werror=format-security -Wmissing-declarations  -Wmissing-prototypes'
===== BUILD LOG =====
Change Dir: /home/pi/opencv/build/CMakeFiles/CMakeTmp

Run Build Command:"/usr/bin/make" "cmTC_7c0be/fast"
/usr/bin/make -f CMakeFiles/cmTC_7c0be.dir/build.make CMakeFiles/cmTC_7c0be.dir/build
make[1]: Entering directory '/home/pi/opencv/build/CMakeFiles/CMakeTmp'
Building CXX object CMakeFiles/cmTC_7c0be.dir/src.cxx.o
/usr/bin/c++     -O3 -DNDEBUG -fPIE   -fsigned-char -W -Wall -Werror=return-type -Werror=non-virtual-dtor -Werror=address -Werror=sequence-point -Wformat -Werror=format-security -Wmissing-declarations -Wmissing-prototypes -o CMakeFiles/cmTC_7c0be.dir/src.cxx.o -c /home/pi/opencv/build/CMakeFiles/CMakeTmp/src.cxx
cc1plus: warning: command line option ‘-Wmissing-prototypes’ is valid for C/ObjC but not for C++
/home/pi/opencv/build/CMakeFiles/CMakeTmp/src.cxx:1:0: warning: ignoring #pragma   [-Wunknown-pragmas]
 #pragma
 
Linking CXX executable cmTC_7c0be
/usr/bin/cmake -E cmake_link_script CMakeFiles/cmTC_7c0be.dir/link.txt --verbose=1
/usr/bin/c++     -O3 -DNDEBUG    CMakeFiles/cmTC_7c0be.dir/src.cxx.o  -o cmTC_7c0be 
make[1]: Leaving directory '/home/pi/opencv/build/CMakeFiles/CMakeTmp'

===== END =====

Build output check failed:
    Regex: 'command line option .* is valid for .* but not for C\+\+'
    Output line: 'cc1plus: warning: command line option ‘-Wstrict-prototypes’ is valid for C/ObjC but not for C++'
Compilation failed:
    source file: '/home/pi/opencv/build/CMakeFiles/CMakeTmp/src.cxx'
    check option: ' -fsigned-char -W -Wall -Werror=return-type -Werror=non-virtual-dtor -Werror=address -Werror=sequence-point -Wformat -Werror=format-security -Wmissing-declarations  -Wstrict-prototypes'
===== BUILD LOG =====
Change Dir: /home/pi/opencv/build/CMakeFiles/CMakeTmp

Run Build Command:"/usr/bin/make" "cmTC_40fe6/fast"
/usr/bin/make -f CMakeFiles/cmTC_40fe6.dir/build.make CMakeFiles/cmTC_40fe6.dir/build
make[1]: Entering directory '/home/pi/opencv/build/CMakeFiles/CMakeTmp'
Building CXX object CMakeFiles/cmTC_40fe6.dir/src.cxx.o
/usr/bin/c++     -O3 -DNDEBUG -fPIE   -fsigned-char -W -Wall -Werror=return-type -Werror=non-virtual-dtor -Werror=address -Werror=sequence-point -Wformat -Werror=format-security -Wmissing-declarations -Wstrict-prototypes -o CMakeFiles/cmTC_40fe6.dir/src.cxx.o -c /home/pi/opencv/build/CMakeFiles/CMakeTmp/src.cxx
cc1plus: warning: command line option ‘-Wstrict-prototypes’ is valid for C/ObjC but not for C++
/home/pi/opencv/build/CMakeFiles/CMakeTmp/src.cxx:1:0: warning: ignoring #pragma   [-Wunknown-pragmas]
 #pragma
 
Linking CXX executable cmTC_40fe6
/usr/bin/cmake -E cmake_link_script CMakeFiles/cmTC_40fe6.dir/link.txt --verbose=1
/usr/bin/c++     -O3 -DNDEBUG    CMakeFiles/cmTC_40fe6.dir/src.cxx.o  -o cmTC_40fe6 
make[1]: Leaving directory '/home/pi/opencv/build/CMakeFiles/CMakeTmp'

===== END =====

Build output check failed:
    Regex: 'command line option .* is valid for .* but not for C'
    Output line: 'cc1: warning: command line option ‘-Wsign-promo’ is valid for C++/ObjC++ but not for C'
Compilation failed:
    source file: '/home/pi/opencv/build/CMakeFiles/CMakeTmp/src.c'
    check option: ' -fsigned-char -W -Wall -Werror=return-type -Werror=non-virtual-dtor -Werror=address -Werror=sequence-point -Wformat -Werror=format-security -Wmissing-declarations -Wmissing-prototypes -Wstrict-prototypes -Wundef -Winit-self -Wpointer-arith -Wshadow  -Wsign-promo'
===== BUILD LOG =====
Change Dir: /home/pi/opencv/build/CMakeFiles/CMakeTmp

Run Build Command:"/usr/bin/make" "cmTC_db10b/fast"
/usr/bin/make -f CMakeFiles/cmTC_db10b.dir/build.make CMakeFiles/cmTC_db10b.dir/build
make[1]: Entering directory '/home/pi/opencv/build/CMakeFiles/CMakeTmp'
Building C object CMakeFiles/cmTC_db10b.dir/src.c.o
/usr/bin/cc    -O3 -DNDEBUG -fPIE   -fsigned-char -W -Wall -Werror=return-type -Werror=non-virtual-dtor -Werror=address -Werror=sequence-point -Wformat -Werror=format-security -Wmissing-declarations -Wmissing-prototypes -Wstrict-prototypes -Wundef -Winit-self -Wpointer-arith -Wshadow -Wsign-promo -o CMakeFiles/cmTC_db10b.dir/src.c.o   -c /home/pi/opencv/build/CMakeFiles/CMakeTmp/src.c
cc1: warning: command line option ‘-Wsign-promo’ is valid for C++/ObjC++ but not for C
/home/pi/opencv/build/CMakeFiles/CMakeTmp/src.c:1:0: warning: ignoring #pragma   [-Wunknown-pragmas]
 #pragma
 
Linking C executable cmTC_db10b
/usr/bin/cmake -E cmake_link_script CMakeFiles/cmTC_db10b.dir/link.txt --verbose=1
/usr/bin/cc    -O3 -DNDEBUG    CMakeFiles/cmTC_db10b.dir/src.c.o  -o cmTC_db10b 
make[1]: Leaving directory '/home/pi/opencv/build/CMakeFiles/CMakeTmp'

===== END =====

Build output check failed:
    Regex: 'command line option .* is valid for .* but not for C'
    Output line: 'cc1: warning: command line option ‘-Wno-delete-non-virtual-dtor’ is valid for C++/ObjC++ but not for C'
Compilation failed:
    source file: '/home/pi/opencv/build/CMakeFiles/CMakeTmp/src.c'
    check option: ' -fsigned-char -W -Wall -Werror=return-type -Werror=non-virtual-dtor -Werror=address -Werror=sequence-point -Wformat -Werror=format-security -Wmissing-declarations -Wmissing-prototypes -Wstrict-prototypes -Wundef -Winit-self -Wpointer-arith -Wshadow -Wuninitialized -Winit-self -Wno-narrowing  -Wno-delete-non-virtual-dtor'
===== BUILD LOG =====
Change Dir: /home/pi/opencv/build/CMakeFiles/CMakeTmp

Run Build Command:"/usr/bin/make" "cmTC_906bd/fast"
/usr/bin/make -f CMakeFiles/cmTC_906bd.dir/build.make CMakeFiles/cmTC_906bd.dir/build
make[1]: Entering directory '/home/pi/opencv/build/CMakeFiles/CMakeTmp'
Building C object CMakeFiles/cmTC_906bd.dir/src.c.o
/usr/bin/cc    -O3 -DNDEBUG -fPIE   -fsigned-char -W -Wall -Werror=return-type -Werror=non-virtual-dtor -Werror=address -Werror=sequence-point -Wformat -Werror=format-security -Wmissing-declarations -Wmissing-prototypes -Wstrict-prototypes -Wundef -Winit-self -Wpointer-arith -Wshadow -Wuninitialized -Winit-self -Wno-narrowing -Wno-delete-non-virtual-dtor -o CMakeFiles/cmTC_906bd.dir/src.c.o   -c /home/pi/opencv/build/CMakeFiles/CMakeTmp/src.c
cc1: warning: command line option ‘-Wno-delete-non-virtual-dtor’ is valid for C++/ObjC++ but not for C
/home/pi/opencv/build/CMakeFiles/CMakeTmp/src.c:1:0: warning: ignoring #pragma   [-Wunknown-pragmas]
 #pragma
 
Linking C executable cmTC_906bd
/usr/bin/cmake -E cmake_link_script CMakeFiles/cmTC_906bd.dir/link.txt --verbose=1
/usr/bin/cc    -O3 -DNDEBUG    CMakeFiles/cmTC_906bd.dir/src.c.o  -o cmTC_906bd 
make[1]: Leaving directory '/home/pi/opencv/build/CMakeFiles/CMakeTmp'

===== END =====

Build output check failed:
    Regex: 'unrecognized .*option'
    Output line: 'cc1plus: warning: unrecognized command line option ‘-Wno-unnamed-type-template-args’'
Compilation failed:
    source file: '/home/pi/opencv/build/CMakeFiles/CMakeTmp/src.cxx'
    check option: ' -fsigned-char -W -Wall -Werror=return-type -Werror=non-virtual-dtor -Werror=address -Werror=sequence-point -Wformat -Werror=format-security -Wmissing-declarations -Wundef -Winit-self -Wpointer-arith -Wshadow -Wsign-promo -Wuninitialized -Winit-self -Wno-narrowing -Wno-delete-non-virtual-dtor  -Wno-unnamed-type-template-args'
===== BUILD LOG =====
Change Dir: /home/pi/opencv/build/CMakeFiles/CMakeTmp

Run Build Command:"/usr/bin/make" "cmTC_40461/fast"
/usr/bin/make -f CMakeFiles/cmTC_40461.dir/build.make CMakeFiles/cmTC_40461.dir/build
make[1]: Entering directory '/home/pi/opencv/build/CMakeFiles/CMakeTmp'
Building CXX object CMakeFiles/cmTC_40461.dir/src.cxx.o
/usr/bin/c++     -O3 -DNDEBUG -fPIE   -fsigned-char -W -Wall -Werror=return-type -Werror=non-virtual-dtor -Werror=address -Werror=sequence-point -Wformat -Werror=format-security -Wmissing-declarations -Wundef -Winit-self -Wpointer-arith -Wshadow -Wsign-promo -Wuninitialized -Winit-self -Wno-narrowing -Wno-delete-non-virtual-dtor -Wno-unnamed-type-template-args -o CMakeFiles/cmTC_40461.dir/src.cxx.o -c /home/pi/opencv/build/CMakeFiles/CMakeTmp/src.cxx
/home/pi/opencv/build/CMakeFiles/CMakeTmp/src.cxx:1:0: warning: ignoring #pragma   [-Wunknown-pragmas]
 #pragma
 
cc1plus: warning: unrecognized command line option ‘-Wno-unnamed-type-template-args’
Linking CXX executable cmTC_40461
/usr/bin/cmake -E cmake_link_script CMakeFiles/cmTC_40461.dir/link.txt --verbose=1
/usr/bin/c++     -O3 -DNDEBUG    CMakeFiles/cmTC_40461.dir/src.cxx.o  -o cmTC_40461 
make[1]: Leaving directory '/home/pi/opencv/build/CMakeFiles/CMakeTmp'

===== END =====

Build output check failed:
    Regex: 'unrecognized .*option'
    Output line: 'cc1: warning: unrecognized command line option ‘-Wno-unnamed-type-template-args’'
Compilation failed:
    source file: '/home/pi/opencv/build/CMakeFiles/CMakeTmp/src.c'
    check option: ' -fsigned-char -W -Wall -Werror=return-type -Werror=non-virtual-dtor -Werror=address -Werror=sequence-point -Wformat -Werror=format-security -Wmissing-declarations -Wmissing-prototypes -Wstrict-prototypes -Wundef -Winit-self -Wpointer-arith -Wshadow -Wuninitialized -Winit-self -Wno-narrowing  -Wno-unnamed-type-template-args'
===== BUILD LOG =====
Change Dir: /home/pi/opencv/build/CMakeFiles/CMakeTmp

Run Build Command:"/usr/bin/make" "cmTC_7bc42/fast"
/usr/bin/make -f CMakeFiles/cmTC_7bc42.dir/build.make CMakeFiles/cmTC_7bc42.dir/build
make[1]: Entering directory '/home/pi/opencv/build/CMakeFiles/CMakeTmp'
Building C object CMakeFiles/cmTC_7bc42.dir/src.c.o
/usr/bin/cc    -O3 -DNDEBUG -fPIE   -fsigned-char -W -Wall -Werror=return-type -Werror=non-virtual-dtor -Werror=address -Werror=sequence-point -Wformat -Werror=format-security -Wmissing-declarations -Wmissing-prototypes -Wstrict-prototypes -Wundef -Winit-self -Wpointer-arith -Wshadow -Wuninitialized -Winit-self -Wno-narrowing -Wno-unnamed-type-template-args -o CMakeFiles/cmTC_7bc42.dir/src.c.o   -c /home/pi/opencv/build/CMakeFiles/CMakeTmp/src.c
/home/pi/opencv/build/CMakeFiles/CMakeTmp/src.c:1:0: warning: ignoring #pragma   [-Wunknown-pragmas]
 #pragma
 
cc1: warning: unrecognized command line option ‘-Wno-unnamed-type-template-args’
Linking C executable cmTC_7bc42
/usr/bin/cmake -E cmake_link_script CMakeFiles/cmTC_7bc42.dir/link.txt --verbose=1
/usr/bin/cc    -O3 -DNDEBUG    CMakeFiles/cmTC_7bc42.dir/src.c.o  -o cmTC_7bc42 
make[1]: Leaving directory '/home/pi/opencv/build/CMakeFiles/CMakeTmp'

===== END =====

Compilation failed:
    source file: '/home/pi/opencv/cmake/checks/cpu_neon.cpp'
    check option: ' -mfpu=vfpv3'
===== BUILD LOG =====
Change Dir: /home/pi/opencv/build/CMakeFiles/CMakeTmp

Run Build Command:"/usr/bin/make" "cmTC_afb14/fast"
/usr/bin/make -f CMakeFiles/cmTC_afb14.dir/build.make CMakeFiles/cmTC_afb14.dir/build
make[1]: Entering directory '/home/pi/opencv/build/CMakeFiles/CMakeTmp'
Building CXX object CMakeFiles/cmTC_afb14.dir/cpu_neon.cpp.o
/usr/bin/c++     -O3 -DNDEBUG -fPIE   -mfpu=vfpv3 -o CMakeFiles/cmTC_afb14.dir/cpu_neon.cpp.o -c /home/pi/opencv/cmake/checks/cpu_neon.cpp
/home/pi/opencv/cmake/checks/cpu_neon.cpp:20:2: error: #error "NEON is not supported"
 #error "NEON is not supported"
  ^~~~~
/home/pi/opencv/cmake/checks/cpu_neon.cpp: In function ‘int main()’:
/home/pi/opencv/cmake/checks/cpu_neon.cpp:25:23: error: ‘test’ was not declared in this scope
   printf("%d\n", test());
                       ^
CMakeFiles/cmTC_afb14.dir/build.make:65: recipe for target 'CMakeFiles/cmTC_afb14.dir/cpu_neon.cpp.o' failed
make[1]: *** [CMakeFiles/cmTC_afb14.dir/cpu_neon.cpp.o] Error 1
make[1]: Leaving directory '/home/pi/opencv/build/CMakeFiles/CMakeTmp'
Makefile:126: recipe for target 'cmTC_afb14/fast' failed
make: *** [cmTC_afb14/fast] Error 2

===== END =====

Compilation failed:
    source file: '/home/pi/opencv/cmake/checks/cpu_fp16.cpp'
    check option: ' -mfpu=neon'
===== BUILD LOG =====
Change Dir: /home/pi/opencv/build/CMakeFiles/CMakeTmp

Run Build Command:"/usr/bin/make" "cmTC_29e7d/fast"
/usr/bin/make -f CMakeFiles/cmTC_29e7d.dir/build.make CMakeFiles/cmTC_29e7d.dir/build
make[1]: Entering directory '/home/pi/opencv/build/CMakeFiles/CMakeTmp'
Building CXX object CMakeFiles/cmTC_29e7d.dir/cpu_fp16.cpp.o
/usr/bin/c++     -O3 -DNDEBUG -fPIE   -mfpu=neon -o CMakeFiles/cmTC_29e7d.dir/cpu_fp16.cpp.o -c /home/pi/opencv/cmake/checks/cpu_fp16.cpp
/home/pi/opencv/cmake/checks/cpu_fp16.cpp: In function ‘int test()’:
/home/pi/opencv/cmake/checks/cpu_fp16.cpp:21:5: error: ‘float16x4_t’ was not declared in this scope
     float16x4_t v_dst = vcvt_f16_f32(v_src);
     ^~~~~~~~~~~
/home/pi/opencv/cmake/checks/cpu_fp16.cpp:22:19: error: expected primary-expression before ‘)’ token
     *(float16x4_t*)dst = v_dst;
                   ^
CMakeFiles/cmTC_29e7d.dir/build.make:65: recipe for target 'CMakeFiles/cmTC_29e7d.dir/cpu_fp16.cpp.o' failed
make[1]: *** [CMakeFiles/cmTC_29e7d.dir/cpu_fp16.cpp.o] Error 1
make[1]: Leaving directory '/home/pi/opencv/build/CMakeFiles/CMakeTmp'
Makefile:126: recipe for target 'cmTC_29e7d/fast' failed
make: *** [cmTC_29e7d/fast] Error 2

===== END =====

Compilation failed:
    source file: '/home/pi/opencv/cmake/checks/cpu_fp16.cpp'
    check option: ' -mfpu=neon-fp16'
===== BUILD LOG =====
Change Dir: /home/pi/opencv/build/CMakeFiles/CMakeTmp

Run Build Command:"/usr/bin/make" "cmTC_83cd6/fast"
/usr/bin/make -f CMakeFiles/cmTC_83cd6.dir/build.make CMakeFiles/cmTC_83cd6.dir/build
make[1]: Entering directory '/home/pi/opencv/build/CMakeFiles/CMakeTmp'
Building CXX object CMakeFiles/cmTC_83cd6.dir/cpu_fp16.cpp.o
/usr/bin/c++     -O3 -DNDEBUG -fPIE   -mfpu=neon-fp16 -o CMakeFiles/cmTC_83cd6.dir/cpu_fp16.cpp.o -c /home/pi/opencv/cmake/checks/cpu_fp16.cpp
/home/pi/opencv/cmake/checks/cpu_fp16.cpp: In function ‘int test()’:
/home/pi/opencv/cmake/checks/cpu_fp16.cpp:21:5: error: ‘float16x4_t’ was not declared in this scope
     float16x4_t v_dst = vcvt_f16_f32(v_src);
     ^~~~~~~~~~~
/home/pi/opencv/cmake/checks/cpu_fp16.cpp:22:19: error: expected primary-expression before ‘)’ token
     *(float16x4_t*)dst = v_dst;
                   ^
CMakeFiles/cmTC_83cd6.dir/build.make:65: recipe for target 'CMakeFiles/cmTC_83cd6.dir/cpu_fp16.cpp.o' failed
make[1]: *** [CMakeFiles/cmTC_83cd6.dir/cpu_fp16.cpp.o] Error 1
make[1]: Leaving directory '/home/pi/opencv/build/CMakeFiles/CMakeTmp'
Makefile:126: recipe for target 'cmTC_83cd6/fast' failed
make: *** [cmTC_83cd6/fast] Error 2

===== END =====

Build output check failed:
    Regex: 'command line option .* is valid for .* but not for C'
    Output line: 'cc1: warning: command line option ‘-fvisibility-inlines-hidden’ is valid for C++/ObjC++ but not for C'
Compilation failed:
    source file: '/home/pi/opencv/build/CMakeFiles/CMakeTmp/src.c'
    check option: ' -fsigned-char -W -Wall -Werror=return-type -Werror=non-virtual-dtor -Werror=address -Werror=sequence-point -Wformat -Werror=format-security -Wmissing-declarations -Wmissing-prototypes -Wstrict-prototypes -Wundef -Winit-self -Wpointer-arith -Wshadow -Wuninitialized -Winit-self -Wno-narrowing -Wno-comment -fdiagnostics-show-option -pthread -fomit-frame-pointer -ffunction-sections -fdata-sections  -mfpu=neon -mfp16-format=ieee -fvisibility=hidden  -fvisibility-inlines-hidden'
===== BUILD LOG =====
Change Dir: /home/pi/opencv/build/CMakeFiles/CMakeTmp

Run Build Command:"/usr/bin/make" "cmTC_5fce4/fast"
/usr/bin/make -f CMakeFiles/cmTC_5fce4.dir/build.make CMakeFiles/cmTC_5fce4.dir/build
make[1]: Entering directory '/home/pi/opencv/build/CMakeFiles/CMakeTmp'
Building C object CMakeFiles/cmTC_5fce4.dir/src.c.o
/usr/bin/cc    -O3 -DNDEBUG -fPIE   -fsigned-char -W -Wall -Werror=return-type -Werror=non-virtual-dtor -Werror=address -Werror=sequence-point -Wformat -Werror=format-security -Wmissing-declarations -Wmissing-prototypes -Wstrict-prototypes -Wundef -Winit-self -Wpointer-arith -Wshadow -Wuninitialized -Winit-self -Wno-narrowing -Wno-comment -fdiagnostics-show-option -pthread -fomit-frame-pointer -ffunction-sections -fdata-sections -mfpu=neon -mfp16-format=ieee -fvisibility=hidden -fvisibility-inlines-hidden -o CMakeFiles/cmTC_5fce4.dir/src.c.o   -c /home/pi/opencv/build/CMakeFiles/CMakeTmp/src.c
cc1: warning: command line option ‘-fvisibility-inlines-hidden’ is valid for C++/ObjC++ but not for C
/home/pi/opencv/build/CMakeFiles/CMakeTmp/src.c:1:0: warning: ignoring #pragma   [-Wunknown-pragmas]
 #pragma
 
Linking C executable cmTC_5fce4
/usr/bin/cmake -E cmake_link_script CMakeFiles/cmTC_5fce4.dir/link.txt --verbose=1
/usr/bin/cc    -O3 -DNDEBUG    CMakeFiles/cmTC_5fce4.dir/src.c.o  -o cmTC_5fce4 
make[1]: Leaving directory '/home/pi/opencv/build/CMakeFiles/CMakeTmp'

===== END =====

Build output check failed:
    Regex: 'unrecognized .*option'
    Output line: 'cc1: warning: unrecognized command line option ‘-Wno-implicit-fallthrough’'
Compilation failed:
    source file: '/home/pi/opencv/build/CMakeFiles/CMakeTmp/src.c'
    check option: ' -Wno-implicit-fallthrough'
===== BUILD LOG =====
Change Dir: /home/pi/opencv/build/CMakeFiles/CMakeTmp

Run Build Command:"/usr/bin/make" "cmTC_9ea4d/fast"
/usr/bin/make -f CMakeFiles/cmTC_9ea4d.dir/build.make CMakeFiles/cmTC_9ea4d.dir/build
make[1]: Entering directory '/home/pi/opencv/build/CMakeFiles/CMakeTmp'
Building C object CMakeFiles/cmTC_9ea4d.dir/src.c.o
/usr/bin/cc    -fsigned-char -W -Wall -Werror=return-type -Werror=non-virtual-dtor -Werror=address -Werror=sequence-point -Wformat -Werror=format-security   -Wstrict-prototypes -Wundef -Winit-self -Wpointer-arith  -Wuninitialized -Winit-self -Wno-narrowing -Wno-comment -fdiagnostics-show-option -pthread -fomit-frame-pointer -ffunction-sections -fdata-sections  -mfpu=neon -mfp16-format=ieee -fvisibility=hidden -Wno-unused-variable -Wno-unused-function -Wno-shadow -Wno-maybe-uninitialized -Wno-missing-prototypes -Wno-missing-declarations  -O3 -DNDEBUG -fPIE   -Wno-implicit-fallthrough -o CMakeFiles/cmTC_9ea4d.dir/src.c.o   -c /home/pi/opencv/build/CMakeFiles/CMakeTmp/src.c
/home/pi/opencv/build/CMakeFiles/CMakeTmp/src.c:1:0: warning: ignoring #pragma   [-Wunknown-pragmas]
 #pragma
 
cc1: warning: unrecognized command line option ‘-Wno-implicit-fallthrough’
Linking C executable cmTC_9ea4d
/usr/bin/cmake -E cmake_link_script CMakeFiles/cmTC_9ea4d.dir/link.txt --verbose=1
/usr/bin/cc     -fsigned-char -W -Wall -Werror=return-type -Werror=non-virtual-dtor -Werror=address -Werror=sequence-point -Wformat -Werror=format-security   -Wstrict-prototypes -Wundef -Winit-self -Wpointer-arith  -Wuninitialized -Winit-self -Wno-narrowing -Wno-comment -fdiagnostics-show-option -pthread -fomit-frame-pointer -ffunction-sections -fdata-sections  -mfpu=neon -mfp16-format=ieee -fvisibility=hidden -Wno-unused-variable -Wno-unused-function -Wno-shadow -Wno-maybe-uninitialized -Wno-missing-prototypes -Wno-missing-declarations  -O3 -DNDEBUG    -Wl,--gc-sections  CMakeFiles/cmTC_9ea4d.dir/src.c.o  -o cmTC_9ea4d 
make[1]: Leaving directory '/home/pi/opencv/build/CMakeFiles/CMakeTmp'

===== END =====

Build output check failed:
    Regex: 'unrecognized .*option'
    Output line: 'cc1: warning: unrecognized command line option ‘-Wno-pointer-compare’'
Compilation failed:
    source file: '/home/pi/opencv/build/CMakeFiles/CMakeTmp/src.c'
    check option: ' -Wno-pointer-compare'
===== BUILD LOG =====
Change Dir: /home/pi/opencv/build/CMakeFiles/CMakeTmp

Run Build Command:"/usr/bin/make" "cmTC_12e5d/fast"
/usr/bin/make -f CMakeFiles/cmTC_12e5d.dir/build.make CMakeFiles/cmTC_12e5d.dir/build
make[1]: Entering directory '/home/pi/opencv/build/CMakeFiles/CMakeTmp'
Building C object CMakeFiles/cmTC_12e5d.dir/src.c.o
/usr/bin/cc    -fsigned-char -W -Wall -Werror=return-type -Werror=non-virtual-dtor -Werror=address -Werror=sequence-point -Wformat -Werror=format-security   -Wstrict-prototypes -Wundef -Winit-self -Wpointer-arith  -Wuninitialized -Winit-self -Wno-narrowing -Wno-comment -fdiagnostics-show-option -pthread -fomit-frame-pointer -ffunction-sections -fdata-sections  -mfpu=neon -mfp16-format=ieee -fvisibility=hidden -Wno-implicit-function-declaration -Wno-uninitialized -Wno-missing-prototypes -Wno-unused-but-set-parameter -Wno-missing-declarations -Wno-unused -Wno-shadow -Wno-sign-compare -Wno-strict-overflow  -O3 -DNDEBUG -fPIE   -Wno-pointer-compare -o CMakeFiles/cmTC_12e5d.dir/src.c.o   -c /home/pi/opencv/build/CMakeFiles/CMakeTmp/src.c
/home/pi/opencv/build/CMakeFiles/CMakeTmp/src.c:1:0: warning: ignoring #pragma   [-Wunknown-pragmas]
 #pragma
 
cc1: warning: unrecognized command line option ‘-Wno-pointer-compare’
Linking C executable cmTC_12e5d
/usr/bin/cmake -E cmake_link_script CMakeFiles/cmTC_12e5d.dir/link.txt --verbose=1
/usr/bin/cc     -fsigned-char -W -Wall -Werror=return-type -Werror=non-virtual-dtor -Werror=address -Werror=sequence-point -Wformat -Werror=format-security   -Wstrict-prototypes -Wundef -Winit-self -Wpointer-arith  -Wuninitialized -Winit-self -Wno-narrowing -Wno-comment -fdiagnostics-show-option -pthread -fomit-frame-pointer -ffunction-sections -fdata-sections  -mfpu=neon -mfp16-format=ieee -fvisibility=hidden -Wno-implicit-function-declaration -Wno-uninitialized -Wno-missing-prototypes -Wno-unused-but-set-parameter -Wno-missing-declarations -Wno-unused -Wno-shadow -Wno-sign-compare -Wno-strict-overflow  -O3 -DNDEBUG    -Wl,--gc-sections  CMakeFiles/cmTC_12e5d.dir/src.c.o  -o cmTC_12e5d 
make[1]: Leaving directory '/home/pi/opencv/build/CMakeFiles/CMakeTmp'

===== END =====

Build output check failed:
    Regex: 'unrecognized .*option'
    Output line: 'cc1: warning: unrecognized command line option ‘-Wno-absolute-value’'
Compilation failed:
    source file: '/home/pi/opencv/build/CMakeFiles/CMakeTmp/src.c'
    check option: ' -Wno-absolute-value'
===== BUILD LOG =====
Change Dir: /home/pi/opencv/build/CMakeFiles/CMakeTmp

Run Build Command:"/usr/bin/make" "cmTC_c1f18/fast"
/usr/bin/make -f CMakeFiles/cmTC_c1f18.dir/build.make CMakeFiles/cmTC_c1f18.dir/build
make[1]: Entering directory '/home/pi/opencv/build/CMakeFiles/CMakeTmp'
Building C object CMakeFiles/cmTC_c1f18.dir/src.c.o
/usr/bin/cc    -fsigned-char -W -Wall -Werror=return-type -Werror=non-virtual-dtor -Werror=address -Werror=sequence-point -Wformat -Werror=format-security   -Wstrict-prototypes -Wundef -Winit-self -Wpointer-arith  -Wuninitialized -Winit-self -Wno-narrowing -Wno-comment -fdiagnostics-show-option -pthread -fomit-frame-pointer -ffunction-sections -fdata-sections  -mfpu=neon -mfp16-format=ieee -fvisibility=hidden -Wno-implicit-function-declaration -Wno-uninitialized -Wno-missing-prototypes -Wno-unused-but-set-parameter -Wno-missing-declarations -Wno-unused -Wno-shadow -Wno-sign-compare -Wno-strict-overflow  -O3 -DNDEBUG -fPIE   -Wno-absolute-value -o CMakeFiles/cmTC_c1f18.dir/src.c.o   -c /home/pi/opencv/build/CMakeFiles/CMakeTmp/src.c
/home/pi/opencv/build/CMakeFiles/CMakeTmp/src.c:1:0: warning: ignoring #pragma   [-Wunknown-pragmas]
 #pragma
 
cc1: warning: unrecognized command line option ‘-Wno-absolute-value’
Linking C executable cmTC_c1f18
/usr/bin/cmake -E cmake_link_script CMakeFiles/cmTC_c1f18.dir/link.txt --verbose=1
/usr/bin/cc     -fsigned-char -W -Wall -Werror=return-type -Werror=non-virtual-dtor -Werror=address -Werror=sequence-point -Wformat -Werror=format-security   -Wstrict-prototypes -Wundef -Winit-self -Wpointer-arith  -Wuninitialized -Winit-self -Wno-narrowing -Wno-comment -fdiagnostics-show-option -pthread -fomit-frame-pointer -ffunction-sections -fdata-sections  -mfpu=neon -mfp16-format=ieee -fvisibility=hidden -Wno-implicit-function-declaration -Wno-uninitialized -Wno-missing-prototypes -Wno-unused-but-set-parameter -Wno-missing-declarations -Wno-unused -Wno-shadow -Wno-sign-compare -Wno-strict-overflow  -O3 -DNDEBUG    -Wl,--gc-sections  CMakeFiles/cmTC_c1f18.dir/src.c.o  -o cmTC_c1f18 
make[1]: Leaving directory '/home/pi/opencv/build/CMakeFiles/CMakeTmp'

===== END =====

Build output check failed:
    Regex: 'unrecognized .*option'
    Output line: 'cc1plus: warning: unrecognized command line option ‘-Wno-inconsistent-missing-override’'
Compilation failed:
    source file: '/home/pi/opencv/build/CMakeFiles/CMakeTmp/src.cxx'
    check option: ' -Wno-inconsistent-missing-override'
===== BUILD LOG =====
Change Dir: /home/pi/opencv/build/CMakeFiles/CMakeTmp

Run Build Command:"/usr/bin/make" "cmTC_74078/fast"
/usr/bin/make -f CMakeFiles/cmTC_74078.dir/build.make CMakeFiles/cmTC_74078.dir/build
make[1]: Entering directory '/home/pi/opencv/build/CMakeFiles/CMakeTmp'
Building CXX object CMakeFiles/cmTC_74078.dir/src.cxx.o
/usr/bin/c++     -fsigned-char -W -Wall -Werror=return-type -Werror=non-virtual-dtor -Werror=address -Werror=sequence-point -Wformat -Werror=format-security   -Winit-self -Wpointer-arith  -Wsign-promo  -Winit-self -Wno-narrowing -Wno-delete-non-virtual-dtor -Wno-comment -fdiagnostics-show-option -pthread -fomit-frame-pointer -ffunction-sections -fdata-sections  -mfpu=neon -mfp16-format=ieee -fvisibility=hidden -fvisibility-inlines-hidden -Wno-shadow -Wno-unused -Wno-sign-compare -Wno-undef -Wno-missing-declarations -Wno-uninitialized -Wno-switch -Wno-parentheses -Wno-array-bounds -Wno-extra -Wno-deprecated-declarations -Wno-misleading-indentation -Wno-deprecated -Wno-suggest-override  -O3 -DNDEBUG -fPIE   -Wno-inconsistent-missing-override -o CMakeFiles/cmTC_74078.dir/src.cxx.o -c /home/pi/opencv/build/CMakeFiles/CMakeTmp/src.cxx
/home/pi/opencv/build/CMakeFiles/CMakeTmp/src.cxx:1:0: warning: ignoring #pragma   [-Wunknown-pragmas]
 #pragma
 
cc1plus: warning: unrecognized command line option ‘-Wno-inconsistent-missing-override’
Linking CXX executable cmTC_74078
/usr/bin/cmake -E cmake_link_script CMakeFiles/cmTC_74078.dir/link.txt --verbose=1
/usr/bin/c++      -fsigned-char -W -Wall -Werror=return-type -Werror=non-virtual-dtor -Werror=address -Werror=sequence-point -Wformat -Werror=format-security   -Winit-self -Wpointer-arith  -Wsign-promo  -Winit-self -Wno-narrowing -Wno-delete-non-virtual-dtor -Wno-comment -fdiagnostics-show-option -pthread -fomit-frame-pointer -ffunction-sections -fdata-sections  -mfpu=neon -mfp16-format=ieee -fvisibility=hidden -fvisibility-inlines-hidden -Wno-shadow -Wno-unused -Wno-sign-compare -Wno-undef -Wno-missing-declarations -Wno-uninitialized -Wno-switch -Wno-parentheses -Wno-array-bounds -Wno-extra -Wno-deprecated-declarations -Wno-misleading-indentation -Wno-deprecated -Wno-suggest-override  -O3 -DNDEBUG    -Wl,--gc-sections  CMakeFiles/cmTC_74078.dir/src.cxx.o  -o cmTC_74078 
make[1]: Leaving directory '/home/pi/opencv/build/CMakeFiles/CMakeTmp'

===== END =====

Build output check failed:
    Regex: 'unrecognized .*option'
    Output line: 'cc1plus: warning: unrecognized command line option ‘-Wno-implicit-fallthrough’'
Compilation failed:
    source file: '/home/pi/opencv/build/CMakeFiles/CMakeTmp/src.cxx'
    check option: ' -Wno-implicit-fallthrough'
===== BUILD LOG =====
Change Dir: /home/pi/opencv/build/CMakeFiles/CMakeTmp

Run Build Command:"/usr/bin/make" "cmTC_4536e/fast"
/usr/bin/make -f CMakeFiles/cmTC_4536e.dir/build.make CMakeFiles/cmTC_4536e.dir/build
make[1]: Entering directory '/home/pi/opencv/build/CMakeFiles/CMakeTmp'
Building CXX object CMakeFiles/cmTC_4536e.dir/src.cxx.o
/usr/bin/c++     -fsigned-char -W -Wall -Werror=return-type -Werror=non-virtual-dtor -Werror=address -Werror=sequence-point -Wformat -Werror=format-security   -Winit-self -Wpointer-arith  -Wsign-promo  -Winit-self -Wno-narrowing -Wno-delete-non-virtual-dtor -Wno-comment -fdiagnostics-show-option -pthread -fomit-frame-pointer -ffunction-sections -fdata-sections  -mfpu=neon -mfp16-format=ieee -fvisibility=hidden -fvisibility-inlines-hidden -Wno-shadow -Wno-unused -Wno-sign-compare -Wno-undef -Wno-missing-declarations -Wno-uninitialized -Wno-switch -Wno-parentheses -Wno-array-bounds -Wno-extra -Wno-deprecated-declarations -Wno-misleading-indentation -Wno-deprecated -Wno-suggest-override  -O3 -DNDEBUG -fPIE   -Wno-implicit-fallthrough -o CMakeFiles/cmTC_4536e.dir/src.cxx.o -c /home/pi/opencv/build/CMakeFiles/CMakeTmp/src.cxx
/home/pi/opencv/build/CMakeFiles/CMakeTmp/src.cxx:1:0: warning: ignoring #pragma   [-Wunknown-pragmas]
 #pragma
 
cc1plus: warning: unrecognized command line option ‘-Wno-implicit-fallthrough’
Linking CXX executable cmTC_4536e
/usr/bin/cmake -E cmake_link_script CMakeFiles/cmTC_4536e.dir/link.txt --verbose=1
/usr/bin/c++      -fsigned-char -W -Wall -Werror=return-type -Werror=non-virtual-dtor -Werror=address -Werror=sequence-point -Wformat -Werror=format-security   -Winit-self -Wpointer-arith  -Wsign-promo  -Winit-self -Wno-narrowing -Wno-delete-non-virtual-dtor -Wno-comment -fdiagnostics-show-option -pthread -fomit-frame-pointer -ffunction-sections -fdata-sections  -mfpu=neon -mfp16-format=ieee -fvisibility=hidden -fvisibility-inlines-hidden -Wno-shadow -Wno-unused -Wno-sign-compare -Wno-undef -Wno-missing-declarations -Wno-uninitialized -Wno-switch -Wno-parentheses -Wno-array-bounds -Wno-extra -Wno-deprecated-declarations -Wno-misleading-indentation -Wno-deprecated -Wno-suggest-override  -O3 -DNDEBUG    -Wl,--gc-sections  CMakeFiles/cmTC_4536e.dir/src.cxx.o  -o cmTC_4536e 
make[1]: Leaving directory '/home/pi/opencv/build/CMakeFiles/CMakeTmp'

===== END =====

Determining if the include file linux/videodev.h exists failed with the following output:
Change Dir: /home/pi/opencv/build/CMakeFiles/CMakeTmp

Run Build Command:"/usr/bin/make" "cmTC_e57cc/fast"
/usr/bin/make -f CMakeFiles/cmTC_e57cc.dir/build.make CMakeFiles/cmTC_e57cc.dir/build
make[1]: Entering directory '/home/pi/opencv/build/CMakeFiles/CMakeTmp'
Building C object CMakeFiles/cmTC_e57cc.dir/CheckIncludeFile.c.o
/usr/bin/cc    -fsigned-char -W -Wall -Werror=return-type -Werror=non-virtual-dtor -Werror=address -Werror=sequence-point -Wformat -Werror=format-security -Wmissing-declarations -Wmissing-prototypes -Wstrict-prototypes -Wundef -Winit-self -Wpointer-arith -Wshadow -Wuninitialized -Winit-self -Wno-narrowing -Wno-comment -fdiagnostics-show-option -pthread -fomit-frame-pointer -ffunction-sections -fdata-sections  -mfpu=neon -mfp16-format=ieee -fvisibility=hidden  -O3 -DNDEBUG -fPIE   -o CMakeFiles/cmTC_e57cc.dir/CheckIncludeFile.c.o   -c /home/pi/opencv/build/CMakeFiles/CMakeTmp/CheckIncludeFile.c
/home/pi/opencv/build/CMakeFiles/CMakeTmp/CheckIncludeFile.c:1:28: fatal error: linux/videodev.h: No such file or directory
 #include <linux/videodev.h>
                            ^
compilation terminated.
CMakeFiles/cmTC_e57cc.dir/build.make:65: recipe for target 'CMakeFiles/cmTC_e57cc.dir/CheckIncludeFile.c.o' failed
make[1]: *** [CMakeFiles/cmTC_e57cc.dir/CheckIncludeFile.c.o] Error 1
make[1]: Leaving directory '/home/pi/opencv/build/CMakeFiles/CMakeTmp'
Makefile:126: recipe for target 'cmTC_e57cc/fast' failed
make: *** [cmTC_e57cc/fast] Error 2


Determining if the include file sys/videoio.h exists failed with the following output:
Change Dir: /home/pi/opencv/build/CMakeFiles/CMakeTmp

Run Build Command:"/usr/bin/make" "cmTC_6abef/fast"
/usr/bin/make -f CMakeFiles/cmTC_6abef.dir/build.make CMakeFiles/cmTC_6abef.dir/build
make[1]: Entering directory '/home/pi/opencv/build/CMakeFiles/CMakeTmp'
Building C object CMakeFiles/cmTC_6abef.dir/CheckIncludeFile.c.o
/usr/bin/cc    -fsigned-char -W -Wall -Werror=return-type -Werror=non-virtual-dtor -Werror=address -Werror=sequence-point -Wformat -Werror=format-security -Wmissing-declarations -Wmissing-prototypes -Wstrict-prototypes -Wundef -Winit-self -Wpointer-arith -Wshadow -Wuninitialized -Winit-self -Wno-narrowing -Wno-comment -fdiagnostics-show-option -pthread -fomit-frame-pointer -ffunction-sections -fdata-sections  -mfpu=neon -mfp16-format=ieee -fvisibility=hidden  -O3 -DNDEBUG -fPIE   -o CMakeFiles/cmTC_6abef.dir/CheckIncludeFile.c.o   -c /home/pi/opencv/build/CMakeFiles/CMakeTmp/CheckIncludeFile.c
/home/pi/opencv/build/CMakeFiles/CMakeTmp/CheckIncludeFile.c:1:25: fatal error: sys/videoio.h: No such file or directory
 #include <sys/videoio.h>
                         ^
compilation terminated.
CMakeFiles/cmTC_6abef.dir/build.make:65: recipe for target 'CMakeFiles/cmTC_6abef.dir/CheckIncludeFile.c.o' failed
make[1]: *** [CMakeFiles/cmTC_6abef.dir/CheckIncludeFile.c.o] Error 1
make[1]: Leaving directory '/home/pi/opencv/build/CMakeFiles/CMakeTmp'
Makefile:126: recipe for target 'cmTC_6abef/fast' failed
make: *** [cmTC_6abef/fast] Error 2


Build output check failed:
    Regex: 'command line option .* is valid for .* but not for C\+\+'
    Output line: 'cc1plus: warning: command line option ‘-Wno-missing-prototypes’ is valid for C/ObjC but not for C++'
Compilation failed:
    source file: '/home/pi/opencv/build/CMakeFiles/CMakeTmp/src.cxx'
    check option: ' -Wno-missing-prototypes'
===== BUILD LOG =====
Change Dir: /home/pi/opencv/build/CMakeFiles/CMakeTmp

Run Build Command:"/usr/bin/make" "cmTC_9e8d8/fast"
/usr/bin/make -f CMakeFiles/cmTC_9e8d8.dir/build.make CMakeFiles/cmTC_9e8d8.dir/build
make[1]: Entering directory '/home/pi/opencv/build/CMakeFiles/CMakeTmp'
Building CXX object CMakeFiles/cmTC_9e8d8.dir/src.cxx.o
/usr/bin/c++     -fsigned-char -W -Wall -Werror=return-type -Werror=non-virtual-dtor -Werror=address -Werror=sequence-point -Wformat -Werror=format-security -Wmissing-declarations -Wundef -Winit-self -Wpointer-arith -Wshadow -Wsign-promo -Wuninitialized -Winit-self -Wno-narrowing -Wno-delete-non-virtual-dtor -Wno-comment -fdiagnostics-show-option -pthread -fomit-frame-pointer -ffunction-sections -fdata-sections  -mfpu=neon -mfp16-format=ieee -fvisibility=hidden -fvisibility-inlines-hidden -Wno-deprecated  -O3 -DNDEBUG -fPIE   -Wno-missing-prototypes -o CMakeFiles/cmTC_9e8d8.dir/src.cxx.o -c /home/pi/opencv/build/CMakeFiles/CMakeTmp/src.cxx
cc1plus: warning: command line option ‘-Wno-missing-prototypes’ is valid for C/ObjC but not for C++
/home/pi/opencv/build/CMakeFiles/CMakeTmp/src.cxx:1:0: warning: ignoring #pragma   [-Wunknown-pragmas]
 #pragma
 
Linking CXX executable cmTC_9e8d8
/usr/bin/cmake -E cmake_link_script CMakeFiles/cmTC_9e8d8.dir/link.txt --verbose=1
/usr/bin/c++      -fsigned-char -W -Wall -Werror=return-type -Werror=non-virtual-dtor -Werror=address -Werror=sequence-point -Wformat -Werror=format-security -Wmissing-declarations -Wundef -Winit-self -Wpointer-arith -Wshadow -Wsign-promo -Wuninitialized -Winit-self -Wno-narrowing -Wno-delete-non-virtual-dtor -Wno-comment -fdiagnostics-show-option -pthread -fomit-frame-pointer -ffunction-sections -fdata-sections  -mfpu=neon -mfp16-format=ieee -fvisibility=hidden -fvisibility-inlines-hidden -Wno-deprecated  -O3 -DNDEBUG    -Wl,--gc-sections  CMakeFiles/cmTC_9e8d8.dir/src.cxx.o  -o cmTC_9e8d8 
make[1]: Leaving directory '/home/pi/opencv/build/CMakeFiles/CMakeTmp'

===== END =====

Build output check failed:
    Regex: 'unrecognized .*option'
    Output line: 'cc1plus: warning: unrecognized command line option ‘-Wno-tautological-undefined-compare’'
Compilation failed:
    source file: '/home/pi/opencv/build/CMakeFiles/CMakeTmp/src.cxx'
    check option: ' -Wno-tautological-undefined-compare'
===== BUILD LOG =====
Change Dir: /home/pi/opencv/build/CMakeFiles/CMakeTmp

Run Build Command:"/usr/bin/make" "cmTC_e5166/fast"
/usr/bin/make -f CMakeFiles/cmTC_e5166.dir/build.make CMakeFiles/cmTC_e5166.dir/build
make[1]: Entering directory '/home/pi/opencv/build/CMakeFiles/CMakeTmp'
Building CXX object CMakeFiles/cmTC_e5166.dir/src.cxx.o
/usr/bin/c++     -fsigned-char -W -Wall -Werror=return-type -Werror=non-virtual-dtor -Werror=address -Werror=sequence-point -Wformat -Werror=format-security   -Winit-self -Wpointer-arith   -Wuninitialized -Winit-self -Wno-narrowing -Wno-delete-non-virtual-dtor -Wno-comment -fdiagnostics-show-option -pthread -fomit-frame-pointer -ffunction-sections -fdata-sections  -mfpu=neon -mfp16-format=ieee -fvisibility=hidden -fvisibility-inlines-hidden -Wno-deprecated -Wno-missing-declarations -Wno-shadow -Wno-unused-parameter -Wno-unused-local-typedefs -Wno-sign-compare -Wno-sign-promo -Wno-undef  -O3 -DNDEBUG -fPIE   -Wno-tautological-undefined-compare -o CMakeFiles/cmTC_e5166.dir/src.cxx.o -c /home/pi/opencv/build/CMakeFiles/CMakeTmp/src.cxx
/home/pi/opencv/build/CMakeFiles/CMakeTmp/src.cxx:1:0: warning: ignoring #pragma   [-Wunknown-pragmas]
 #pragma
 
cc1plus: warning: unrecognized command line option ‘-Wno-tautological-undefined-compare’
Linking CXX executable cmTC_e5166
/usr/bin/cmake -E cmake_link_script CMakeFiles/cmTC_e5166.dir/link.txt --verbose=1
/usr/bin/c++      -fsigned-char -W -Wall -Werror=return-type -Werror=non-virtual-dtor -Werror=address -Werror=sequence-point -Wformat -Werror=format-security   -Winit-self -Wpointer-arith   -Wuninitialized -Winit-self -Wno-narrowing -Wno-delete-non-virtual-dtor -Wno-comment -fdiagnostics-show-option -pthread -fomit-frame-pointer -ffunction-sections -fdata-sections  -mfpu=neon -mfp16-format=ieee -fvisibility=hidden -fvisibility-inlines-hidden -Wno-deprecated -Wno-missing-declarations -Wno-shadow -Wno-unused-parameter -Wno-unused-local-typedefs -Wno-sign-compare -Wno-sign-promo -Wno-undef  -O3 -DNDEBUG    -Wl,--gc-sections  CMakeFiles/cmTC_e5166.dir/src.cxx.o  -o cmTC_e5166 
make[1]: Leaving directory '/home/pi/opencv/build/CMakeFiles/CMakeTmp'

===== END =====

Build output check failed:
    Regex: 'unrecognized .*option'
    Output line: 'cc1plus: warning: unrecognized command line option ‘-Wno-shorten-64-to-32’'
Compilation failed:
    source file: '/home/pi/opencv/build/CMakeFiles/CMakeTmp/src.cxx'
    check option: ' -Wno-shorten-64-to-32'
===== BUILD LOG =====
Change Dir: /home/pi/opencv/build/CMakeFiles/CMakeTmp

Run Build Command:"/usr/bin/make" "cmTC_8d4cd/fast"
/usr/bin/make -f CMakeFiles/cmTC_8d4cd.dir/build.make CMakeFiles/cmTC_8d4cd.dir/build
make[1]: Entering directory '/home/pi/opencv/build/CMakeFiles/CMakeTmp'
Building CXX object CMakeFiles/cmTC_8d4cd.dir/src.cxx.o
/usr/bin/c++     -fsigned-char -W -Wall -Werror=return-type -Werror=non-virtual-dtor -Werror=address -Werror=sequence-point -Wformat -Werror=format-security   -Winit-self -Wpointer-arith   -Wuninitialized -Winit-self -Wno-narrowing -Wno-delete-non-virtual-dtor -Wno-comment -fdiagnostics-show-option -pthread -fomit-frame-pointer -ffunction-sections -fdata-sections  -mfpu=neon -mfp16-format=ieee -fvisibility=hidden -fvisibility-inlines-hidden -Wno-deprecated -Wno-missing-declarations -Wno-shadow -Wno-unused-parameter -Wno-unused-local-typedefs -Wno-sign-compare -Wno-sign-promo -Wno-undef -Wno-ignored-qualifiers -Wno-extra -Wno-unused-function -Wno-unused-const-variable  -O3 -DNDEBUG -fPIE   -Wno-shorten-64-to-32 -o CMakeFiles/cmTC_8d4cd.dir/src.cxx.o -c /home/pi/opencv/build/CMakeFiles/CMakeTmp/src.cxx
/home/pi/opencv/build/CMakeFiles/CMakeTmp/src.cxx:1:0: warning: ignoring #pragma   [-Wunknown-pragmas]
 #pragma
 
cc1plus: warning: unrecognized command line option ‘-Wno-shorten-64-to-32’
Linking CXX executable cmTC_8d4cd
/usr/bin/cmake -E cmake_link_script CMakeFiles/cmTC_8d4cd.dir/link.txt --verbose=1
/usr/bin/c++      -fsigned-char -W -Wall -Werror=return-type -Werror=non-virtual-dtor -Werror=address -Werror=sequence-point -Wformat -Werror=format-security   -Winit-self -Wpointer-arith   -Wuninitialized -Winit-self -Wno-narrowing -Wno-delete-non-virtual-dtor -Wno-comment -fdiagnostics-show-option -pthread -fomit-frame-pointer -ffunction-sections -fdata-sections  -mfpu=neon -mfp16-format=ieee -fvisibility=hidden -fvisibility-inlines-hidden -Wno-deprecated -Wno-missing-declarations -Wno-shadow -Wno-unused-parameter -Wno-unused-local-typedefs -Wno-sign-compare -Wno-sign-promo -Wno-undef -Wno-ignored-qualifiers -Wno-extra -Wno-unused-function -Wno-unused-const-variable  -O3 -DNDEBUG    -Wl,--gc-sections  CMakeFiles/cmTC_8d4cd.dir/src.cxx.o  -o cmTC_8d4cd 
make[1]: Leaving directory '/home/pi/opencv/build/CMakeFiles/CMakeTmp'

===== END =====

Build output check failed:
    Regex: 'unrecognized .*option'
    Output line: 'cc1plus: warning: unrecognized command line option ‘-Wno-enum-compare-switch’'
Compilation failed:
    source file: '/home/pi/opencv/build/CMakeFiles/CMakeTmp/src.cxx'
    check option: ' -Wno-enum-compare-switch'
===== BUILD LOG =====
Change Dir: /home/pi/opencv/build/CMakeFiles/CMakeTmp

Run Build Command:"/usr/bin/make" "cmTC_6f361/fast"
/usr/bin/make -f CMakeFiles/cmTC_6f361.dir/build.make CMakeFiles/cmTC_6f361.dir/build
make[1]: Entering directory '/home/pi/opencv/build/CMakeFiles/CMakeTmp'
Building CXX object CMakeFiles/cmTC_6f361.dir/src.cxx.o
/usr/bin/c++     -fsigned-char -W -Wall -Werror=return-type -Werror=non-virtual-dtor -Werror=address -Werror=sequence-point -Wformat -Werror=format-security   -Winit-self -Wpointer-arith   -Wuninitialized -Winit-self -Wno-narrowing -Wno-delete-non-virtual-dtor -Wno-comment -fdiagnostics-show-option -pthread -fomit-frame-pointer -ffunction-sections -fdata-sections  -mfpu=neon -mfp16-format=ieee -fvisibility=hidden -fvisibility-inlines-hidden -Wno-deprecated -Wno-missing-declarations -Wno-shadow -Wno-unused-parameter -Wno-unused-local-typedefs -Wno-sign-compare -Wno-sign-promo -Wno-undef -Wno-ignored-qualifiers -Wno-extra -Wno-unused-function -Wno-unused-const-variable -Wno-invalid-offsetof  -O3 -DNDEBUG -fPIE   -Wno-enum-compare-switch -o CMakeFiles/cmTC_6f361.dir/src.cxx.o -c /home/pi/opencv/build/CMakeFiles/CMakeTmp/src.cxx
/home/pi/opencv/build/CMakeFiles/CMakeTmp/src.cxx:1:0: warning: ignoring #pragma   [-Wunknown-pragmas]
 #pragma
 
cc1plus: warning: unrecognized command line option ‘-Wno-enum-compare-switch’
Linking CXX executable cmTC_6f361
/usr/bin/cmake -E cmake_link_script CMakeFiles/cmTC_6f361.dir/link.txt --verbose=1
/usr/bin/c++      -fsigned-char -W -Wall -Werror=return-type -Werror=non-virtual-dtor -Werror=address -Werror=sequence-point -Wformat -Werror=format-security   -Winit-self -Wpointer-arith   -Wuninitialized -Winit-self -Wno-narrowing -Wno-delete-non-virtual-dtor -Wno-comment -fdiagnostics-show-option -pthread -fomit-frame-pointer -ffunction-sections -fdata-sections  -mfpu=neon -mfp16-format=ieee -fvisibility=hidden -fvisibility-inlines-hidden -Wno-deprecated -Wno-missing-declarations -Wno-shadow -Wno-unused-parameter -Wno-unused-local-typedefs -Wno-sign-compare -Wno-sign-promo -Wno-undef -Wno-ignored-qualifiers -Wno-extra -Wno-unused-function -Wno-unused-const-variable -Wno-invalid-offsetof  -O3 -DNDEBUG    -Wl,--gc-sections  CMakeFiles/cmTC_6f361.dir/src.cxx.o  -o cmTC_6f361 
make[1]: Leaving directory '/home/pi/opencv/build/CMakeFiles/CMakeTmp'

===== END =====

Build output check failed:
    Regex: 'unrecognized .*option'
    Output line: 'cc1plus: warning: unrecognized command line option ‘-Wno-unused-private-field’'
Compilation failed:
    source file: '/home/pi/opencv/build/CMakeFiles/CMakeTmp/src.cxx'
    check option: ' -Wno-unused-private-field'
===== BUILD LOG =====
Change Dir: /home/pi/opencv/build/CMakeFiles/CMakeTmp

Run Build Command:"/usr/bin/make" "cmTC_4bace/fast"
/usr/bin/make -f CMakeFiles/cmTC_4bace.dir/build.make CMakeFiles/cmTC_4bace.dir/build
make[1]: Entering directory '/home/pi/opencv/build/CMakeFiles/CMakeTmp'
Building CXX object CMakeFiles/cmTC_4bace.dir/src.cxx.o
/usr/bin/c++     -fsigned-char -W -Wall -Werror=return-type -Werror=non-virtual-dtor -Werror=address -Werror=sequence-point -Wformat -Werror=format-security -Wmissing-declarations -Wundef -Winit-self -Wpointer-arith -Wshadow -Wsign-promo -Wuninitialized -Winit-self -Wno-narrowing -Wno-delete-non-virtual-dtor -Wno-comment -fdiagnostics-show-option -pthread -fomit-frame-pointer -ffunction-sections -fdata-sections  -mfpu=neon -mfp16-format=ieee -fvisibility=hidden -fvisibility-inlines-hidden -Wno-unused-function -Wno-deprecated-declarations -Wno-overloaded-virtual  -O3 -DNDEBUG -fPIE   -Wno-unused-private-field -o CMakeFiles/cmTC_4bace.dir/src.cxx.o -c /home/pi/opencv/build/CMakeFiles/CMakeTmp/src.cxx
/home/pi/opencv/build/CMakeFiles/CMakeTmp/src.cxx:1:0: warning: ignoring #pragma   [-Wunknown-pragmas]
 #pragma
 
cc1plus: warning: unrecognized command line option ‘-Wno-unused-private-field’
Linking CXX executable cmTC_4bace
/usr/bin/cmake -E cmake_link_script CMakeFiles/cmTC_4bace.dir/link.txt --verbose=1
/usr/bin/c++      -fsigned-char -W -Wall -Werror=return-type -Werror=non-virtual-dtor -Werror=address -Werror=sequence-point -Wformat -Werror=format-security -Wmissing-declarations -Wundef -Winit-self -Wpointer-arith -Wshadow -Wsign-promo -Wuninitialized -Winit-self -Wno-narrowing -Wno-delete-non-virtual-dtor -Wno-comment -fdiagnostics-show-option -pthread -fomit-frame-pointer -ffunction-sections -fdata-sections  -mfpu=neon -mfp16-format=ieee -fvisibility=hidden -fvisibility-inlines-hidden -Wno-unused-function -Wno-deprecated-declarations -Wno-overloaded-virtual  -O3 -DNDEBUG    -Wl,--gc-sections  CMakeFiles/cmTC_4bace.dir/src.cxx.o  -o cmTC_4bace 
make[1]: Leaving directory '/home/pi/opencv/build/CMakeFiles/CMakeTmp'

===== END =====

